
(!)Datos del usuario Goku
*Atracciones Compradas: Namekusei Universo6 MajinBu Restaurante CapsulaCorp Planeta_de_Bills 
*Dinero gastado: $1250.0
*Tiempo invertido: 6.0 horas
*Descuento en las compras: $450.0
----------------------------------------------------------------------------

(!)Datos del usuario Vegetta
*Atracciones Compradas: Namekusei Universo6 Vegita MajinBu Restaurante CapsulaCorp Planeta_de_Bills Marte 
*Dinero gastado: $1500.0
*Tiempo invertido: 8.0 horas
*Descuento en las compras: $900.0
----------------------------------------------------------------------------

(!)Datos del usuario Trunks
*Atracciones Compradas: Restaurante CapsulaCorp Planeta_de_Bills Namekusei Universo6 Vegita MajinBu Inframundo 
*Dinero gastado: $1700.0
*Tiempo invertido: 8.0 horas
*Descuento en las compras: $900.0
----------------------------------------------------------------------------

(!)Datos del usuario Piccolo
*Atracciones Compradas: Marte Tierra Namekusei Universo6 CapsulaCorp Restaurante MajinBu 
*Dinero gastado: $1850.0
*Tiempo invertido: 7.0 horas
*Descuento en las compras: $250.0
----------------------------------------------------------------------------
